{
  "stats": {
    "suites": 3,
    "tests": 14,
    "passes": 14,
    "pending": 0,
    "failures": 0,
    "start": "2020-01-19T06:02:37.493Z",
    "end": "2020-01-19T06:03:13.908Z",
    "duration": 36415,
    "testsRegistered": 14,
    "passPercent": 100,
    "pendingPercent": 0,
    "other": 0,
    "hasOther": false,
    "skipped": 0,
    "hasSkipped": false
  },
  "results": [
    {
      "uuid": "bd89098e-6ccf-4ba1-94f8-6ddadc0516f5",
      "title": "",
      "fullFile": "",
      "file": "",
      "beforeHooks": [],
      "afterHooks": [],
      "tests": [],
      "suites": [
        {
          "uuid": "fb6b28af-477d-4c5c-ba95-614f455a8548",
          "title": "Home Page Tests",
          "fullFile": "/Users/amartans/Documents/POC/puppeteer/HelloBetter/tests/homePage.test.js",
          "file": "/tests/homePage.test.js",
          "beforeHooks": [
            {
              "title": "\"before all\" hook",
              "fullTitle": "Home Page Tests \"before all\" hook",
              "timedOut": false,
              "duration": 293,
              "state": null,
              "speed": null,
              "pass": false,
              "fail": false,
              "pending": false,
              "context": null,
              "code": "browser = await puppeteer.launch({\n    headless:config.isHeadless,\n    slowMo:config.slowMo,\n    devtools:config.isDevtools,\n    timeout:config.launchTimeout\n})\npage = await browser.newPage()\nawait page.setDefaultTimeout(config.waitingTimeout)\nawait page.setViewport({\n    width:config.viewRepotWidth,\n    height:config.viewRepotHeight\n})",
              "err": {},
              "uuid": "5068a07d-32fd-48e2-a210-faa3d24c241f",
              "parentUUID": "fb6b28af-477d-4c5c-ba95-614f455a8548",
              "isHook": true,
              "skipped": false
            },
            {
              "title": "\"before each\" hook",
              "fullTitle": "Home Page Tests \"before each\" hook",
              "timedOut": false,
              "duration": 3360,
              "state": null,
              "speed": null,
              "pass": false,
              "fail": false,
              "pending": false,
              "context": null,
              "code": "await helper.loadUrl(page,config.baseUrl)",
              "err": {},
              "uuid": "73f72b78-7715-4716-9836-55a40fbb60e7",
              "parentUUID": "fb6b28af-477d-4c5c-ba95-614f455a8548",
              "isHook": true,
              "skipped": false
            }
          ],
          "afterHooks": [
            {
              "title": "\"after all\" hook",
              "fullTitle": "Home Page Tests \"after all\" hook",
              "timedOut": false,
              "duration": 47,
              "state": null,
              "speed": null,
              "pass": false,
              "fail": false,
              "pending": false,
              "context": null,
              "code": "await browser.close()",
              "err": {},
              "uuid": "6670af63-486d-4951-bd2e-4cadd0a19223",
              "parentUUID": "fb6b28af-477d-4c5c-ba95-614f455a8548",
              "isHook": true,
              "skipped": false
            }
          ],
          "tests": [
            {
              "title": "Verify logout",
              "fullTitle": "Home Page Tests Verify logout",
              "timedOut": false,
              "duration": 2715,
              "state": "passed",
              "speed": "slow",
              "pass": true,
              "fail": false,
              "pending": false,
              "context": null,
              "code": "await homePage.verifyLogout(page,'getonpatient@mailinator.com','1234Hh!!')",
              "err": {},
              "uuid": "d4789eb6-56ea-4863-8a70-844a86f9b79e",
              "parentUUID": "fb6b28af-477d-4c5c-ba95-614f455a8548",
              "isHook": false,
              "skipped": false
            }
          ],
          "suites": [],
          "passes": [
            "d4789eb6-56ea-4863-8a70-844a86f9b79e"
          ],
          "failures": [],
          "pending": [],
          "skipped": [],
          "duration": 2715,
          "root": false,
          "rootEmpty": false,
          "_timeout": 30000
        },
        {
          "uuid": "5f8f1bb0-fc0a-499f-98bf-8eafa52362bc",
          "title": "Login Page Tests",
          "fullFile": "/Users/amartans/Documents/POC/puppeteer/HelloBetter/tests/loginPage.test.js",
          "file": "/tests/loginPage.test.js",
          "beforeHooks": [
            {
              "title": "\"before all\" hook",
              "fullTitle": "Login Page Tests \"before all\" hook",
              "timedOut": false,
              "duration": 263,
              "state": null,
              "speed": null,
              "pass": false,
              "fail": false,
              "pending": false,
              "context": null,
              "code": "browser = await puppeteer.launch({\n    headless:config.isHeadless,\n    slowMo:config.slowMo,\n    devtools:config.isDevtools,\n    timeout:config.launchTimeout\n})\npage = await browser.newPage()\nawait page.setDefaultTimeout(config.waitingTimeout)\nawait page.setViewport({\n    width:config.viewRepotWidth,\n    height:config.viewRepotHeight\n})",
              "err": {},
              "uuid": "a2638a54-832e-44a8-b039-75b3974b33ee",
              "parentUUID": "5f8f1bb0-fc0a-499f-98bf-8eafa52362bc",
              "isHook": true,
              "skipped": false
            },
            {
              "title": "\"before each\" hook",
              "fullTitle": "Login Page Tests \"before each\" hook",
              "timedOut": false,
              "duration": 1518,
              "state": null,
              "speed": null,
              "pass": false,
              "fail": false,
              "pending": false,
              "context": null,
              "code": "await helper.loadUrl(page,config.baseUrl)",
              "err": {},
              "uuid": "bc71e57a-eb6b-403c-bf34-34dfebcb1153",
              "parentUUID": "5f8f1bb0-fc0a-499f-98bf-8eafa52362bc",
              "isHook": true,
              "skipped": false
            }
          ],
          "afterHooks": [
            {
              "title": "\"after all\" hook",
              "fullTitle": "Login Page Tests \"after all\" hook",
              "timedOut": false,
              "duration": 40,
              "state": null,
              "speed": null,
              "pass": false,
              "fail": false,
              "pending": false,
              "context": null,
              "code": "await browser.close()",
              "err": {},
              "uuid": "cd28de32-04ac-4212-bddf-c2320147cc0a",
              "parentUUID": "5f8f1bb0-fc0a-499f-98bf-8eafa52362bc",
              "isHook": true,
              "skipped": false
            }
          ],
          "tests": [
            {
              "title": "Verify login page elements in English",
              "fullTitle": "Login Page Tests Verify login page elements in English",
              "timedOut": false,
              "duration": 37,
              "state": "passed",
              "speed": "fast",
              "pass": true,
              "fail": false,
              "pending": false,
              "context": null,
              "code": "await loginPage.verifyAllElementsInEnglish(page)",
              "err": {},
              "uuid": "b92dfea5-47c4-4ce4-a2ba-232b01f4c526",
              "parentUUID": "5f8f1bb0-fc0a-499f-98bf-8eafa52362bc",
              "isHook": false,
              "skipped": false
            },
            {
              "title": "Verify login page elements in German",
              "fullTitle": "Login Page Tests Verify login page elements in German",
              "timedOut": false,
              "duration": 100,
              "state": "passed",
              "speed": "slow",
              "pass": true,
              "fail": false,
              "pending": false,
              "context": null,
              "code": "await loginPage.verifyAllElementsInGerman(page)",
              "err": {},
              "uuid": "ce359adc-0c3c-42e5-8a65-2882768f95a9",
              "parentUUID": "5f8f1bb0-fc0a-499f-98bf-8eafa52362bc",
              "isHook": false,
              "skipped": false
            },
            {
              "title": "Invalid format emaidId check1",
              "fullTitle": "Login Page Tests Invalid format emaidId check1",
              "timedOut": false,
              "duration": 180,
              "state": "passed",
              "speed": "slow",
              "pass": true,
              "fail": false,
              "pending": false,
              "context": null,
              "code": "await loginPage.invalidFormatEmailIdLogin(page,'sdfsds')",
              "err": {},
              "uuid": "ebd09c89-00b6-4d06-b286-46c6be62e4f9",
              "parentUUID": "5f8f1bb0-fc0a-499f-98bf-8eafa52362bc",
              "isHook": false,
              "skipped": false
            },
            {
              "title": "Invalid format emaidId check2",
              "fullTitle": "Login Page Tests Invalid format emaidId check2",
              "timedOut": false,
              "duration": 156,
              "state": "passed",
              "speed": "slow",
              "pass": true,
              "fail": false,
              "pending": false,
              "context": null,
              "code": "await loginPage.invalidFormatEmailIdLogin(page,'sdfsds@')",
              "err": {},
              "uuid": "8f632683-5cd6-40e3-92ba-f855e75a2f69",
              "parentUUID": "5f8f1bb0-fc0a-499f-98bf-8eafa52362bc",
              "isHook": false,
              "skipped": false
            },
            {
              "title": "Invalid format emaidId check3",
              "fullTitle": "Login Page Tests Invalid format emaidId check3",
              "timedOut": false,
              "duration": 191,
              "state": "passed",
              "speed": "slow",
              "pass": true,
              "fail": false,
              "pending": false,
              "context": null,
              "code": "await loginPage.invalidFormatEmailIdLogin(page,'sdfsds@sdfs')",
              "err": {},
              "uuid": "01492e47-d2bb-47c3-8ed3-099696a1c589",
              "parentUUID": "5f8f1bb0-fc0a-499f-98bf-8eafa52362bc",
              "isHook": false,
              "skipped": false
            },
            {
              "title": "Invalid emailId and valid password check",
              "fullTitle": "Login Page Tests Invalid emailId and valid password check",
              "timedOut": false,
              "duration": 1116,
              "state": "passed",
              "speed": "slow",
              "pass": true,
              "fail": false,
              "pending": false,
              "context": null,
              "code": "await loginPage.invalidAuthenticationCheck(page,'sdfsds@sdf.com','1234Hh!!')",
              "err": {},
              "uuid": "882d7a71-a018-4f92-ab15-75eb99dabc22",
              "parentUUID": "5f8f1bb0-fc0a-499f-98bf-8eafa52362bc",
              "isHook": false,
              "skipped": false
            },
            {
              "title": "Valid emailId and invalid password check",
              "fullTitle": "Login Page Tests Valid emailId and invalid password check",
              "timedOut": false,
              "duration": 577,
              "state": "passed",
              "speed": "slow",
              "pass": true,
              "fail": false,
              "pending": false,
              "context": null,
              "code": "await loginPage.invalidAuthenticationCheck(page,'getonpatient@mailinator.com','12345Hh!!')",
              "err": {},
              "uuid": "4b4f7400-9a0b-4059-a162-68a3bd1f1280",
              "parentUUID": "5f8f1bb0-fc0a-499f-98bf-8eafa52362bc",
              "isHook": false,
              "skipped": false
            },
            {
              "title": "Reset password with invalidFormat emailId1",
              "fullTitle": "Login Page Tests Reset password with invalidFormat emailId1",
              "timedOut": false,
              "duration": 117,
              "state": "passed",
              "speed": "slow",
              "pass": true,
              "fail": false,
              "pending": false,
              "context": null,
              "code": "await loginPage.invalidFormatEmailIdResetPassword(page,\"sdsfsf\")",
              "err": {},
              "uuid": "f2e669bb-26b4-4fb2-875c-bc11f7119443",
              "parentUUID": "5f8f1bb0-fc0a-499f-98bf-8eafa52362bc",
              "isHook": false,
              "skipped": false
            },
            {
              "title": "Reset password with invalidFormat emailId2",
              "fullTitle": "Login Page Tests Reset password with invalidFormat emailId2",
              "timedOut": false,
              "duration": 1291,
              "state": "passed",
              "speed": "slow",
              "pass": true,
              "fail": false,
              "pending": false,
              "context": null,
              "code": "await page.reload({ waitUntil: [\"networkidle0\", \"domcontentloaded\"] });\nawait loginPage.invalidFormatEmailIdResetPassword(page,\"sdsfsf@\")",
              "err": {},
              "uuid": "9043069d-5522-42ac-a128-d2b46afb9b97",
              "parentUUID": "5f8f1bb0-fc0a-499f-98bf-8eafa52362bc",
              "isHook": false,
              "skipped": false
            },
            {
              "title": "Reset password with invalidFormat emailId2",
              "fullTitle": "Login Page Tests Reset password with invalidFormat emailId2",
              "timedOut": false,
              "duration": 1317,
              "state": "passed",
              "speed": "slow",
              "pass": true,
              "fail": false,
              "pending": false,
              "context": null,
              "code": "await page.reload({ waitUntil: [\"networkidle0\", \"domcontentloaded\"] });\nawait loginPage.invalidFormatEmailIdResetPassword(page,\"sdsfsf@dsdfsd\")",
              "err": {},
              "uuid": "6f31c3f5-54f2-455d-aa37-554b8e8f7dbc",
              "parentUUID": "5f8f1bb0-fc0a-499f-98bf-8eafa52362bc",
              "isHook": false,
              "skipped": false
            }
          ],
          "suites": [],
          "passes": [
            "b92dfea5-47c4-4ce4-a2ba-232b01f4c526",
            "ce359adc-0c3c-42e5-8a65-2882768f95a9",
            "ebd09c89-00b6-4d06-b286-46c6be62e4f9",
            "8f632683-5cd6-40e3-92ba-f855e75a2f69",
            "01492e47-d2bb-47c3-8ed3-099696a1c589",
            "882d7a71-a018-4f92-ab15-75eb99dabc22",
            "4b4f7400-9a0b-4059-a162-68a3bd1f1280",
            "f2e669bb-26b4-4fb2-875c-bc11f7119443",
            "9043069d-5522-42ac-a128-d2b46afb9b97",
            "6f31c3f5-54f2-455d-aa37-554b8e8f7dbc"
          ],
          "failures": [],
          "pending": [],
          "skipped": [],
          "duration": 5082,
          "root": false,
          "rootEmpty": false,
          "_timeout": 30000
        },
        {
          "uuid": "277f4a25-1206-4b71-9a4a-0a4916c53fc3",
          "title": "Profile Page Tests",
          "fullFile": "/Users/amartans/Documents/POC/puppeteer/HelloBetter/tests/profilePage.tests.js",
          "file": "/tests/profilePage.tests.js",
          "beforeHooks": [
            {
              "title": "\"before all\" hook",
              "fullTitle": "Profile Page Tests \"before all\" hook",
              "timedOut": false,
              "duration": 6516,
              "state": null,
              "speed": null,
              "pass": false,
              "fail": false,
              "pending": false,
              "context": null,
              "code": "browser = await puppeteer.launch({\n    headless:config.isHeadless,\n    slowMo:config.slowMo,\n    devtools:config.isDevtools,\n    timeout:config.launchTimeout\n})\npage = await browser.newPage()\nawait page.setDefaultTimeout(config.waitingTimeout)\nawait page.setViewport({\n    width:config.viewRepotWidth,\n    height:config.viewRepotHeight\n})\nawait helper.loadUrl(page,config.baseUrl)\nawait loginPage.loginToApp(page,'getonpatient@mailinator.com','1234Hh!!')",
              "err": {},
              "uuid": "53b04eeb-9dfa-4525-97c2-4a80bc0906ff",
              "parentUUID": "277f4a25-1206-4b71-9a4a-0a4916c53fc3",
              "isHook": true,
              "skipped": false
            }
          ],
          "afterHooks": [
            {
              "title": "\"after all\" hook",
              "fullTitle": "Profile Page Tests \"after all\" hook",
              "timedOut": false,
              "duration": 35,
              "state": null,
              "speed": null,
              "pass": false,
              "fail": false,
              "pending": false,
              "context": null,
              "code": "await browser.close()",
              "err": {},
              "uuid": "65ceec85-5bc8-4bba-a631-ce384b43ac6d",
              "parentUUID": "277f4a25-1206-4b71-9a4a-0a4916c53fc3",
              "isHook": true,
              "skipped": false
            }
          ],
          "tests": [
            {
              "title": "Update first name test",
              "fullTitle": "Profile Page Tests Update first name test",
              "timedOut": false,
              "duration": 961,
              "state": "passed",
              "speed": "slow",
              "pass": true,
              "fail": false,
              "pending": false,
              "context": null,
              "code": "const expectedName=await utils.generateName(6)\nconst actualName = await profilePage.updateFirstName(page,expectedName)\nawait expect(actualName).to.equal(expectedName)",
              "err": {},
              "uuid": "98f6098b-da63-43a2-9556-75162c6564bd",
              "parentUUID": "277f4a25-1206-4b71-9a4a-0a4916c53fc3",
              "isHook": false,
              "skipped": false
            },
            {
              "title": "Update last name test",
              "fullTitle": "Profile Page Tests Update last name test",
              "timedOut": false,
              "duration": 881,
              "state": "passed",
              "speed": "slow",
              "pass": true,
              "fail": false,
              "pending": false,
              "context": null,
              "code": "const expectedName=await utils.generateName(6)\nconst actualName = await profilePage.updateLastName(page,expectedName)\nawait expect(actualName).to.equal(expectedName)",
              "err": {},
              "uuid": "e251e83e-298a-4900-a03b-e5b315db35b9",
              "parentUUID": "277f4a25-1206-4b71-9a4a-0a4916c53fc3",
              "isHook": false,
              "skipped": false
            },
            {
              "title": "Update insurance number test",
              "fullTitle": "Profile Page Tests Update insurance number test",
              "timedOut": false,
              "duration": 521,
              "state": "passed",
              "speed": "slow",
              "pass": true,
              "fail": false,
              "pending": false,
              "context": null,
              "code": "const expectedNumber=await utils.generateNumbers()\nconst actualNumber = await profilePage.updateInsuranceNumber(page,expectedNumber)\nawait expect(actualNumber).to.equal(expectedNumber)",
              "err": {},
              "uuid": "9f8fb8e3-a2b2-4f50-9e23-5379b8e113ff",
              "parentUUID": "277f4a25-1206-4b71-9a4a-0a4916c53fc3",
              "isHook": false,
              "skipped": false
            }
          ],
          "suites": [],
          "passes": [
            "98f6098b-da63-43a2-9556-75162c6564bd",
            "e251e83e-298a-4900-a03b-e5b315db35b9",
            "9f8fb8e3-a2b2-4f50-9e23-5379b8e113ff"
          ],
          "failures": [],
          "pending": [],
          "skipped": [],
          "duration": 2363,
          "root": false,
          "rootEmpty": false,
          "_timeout": 30000
        }
      ],
      "passes": [],
      "failures": [],
      "pending": [],
      "skipped": [],
      "duration": 0,
      "root": true,
      "rootEmpty": true,
      "_timeout": 30000
    }
  ],
  "meta": {
    "mocha": {
      "version": "7.0.0"
    },
    "mochawesome": {
      "options": {
        "quiet": false,
        "reportFilename": "mochawesome",
        "saveHtml": true,
        "saveJson": true,
        "consoleReporter": "spec",
        "useInlineDiffs": false
      },
      "version": "4.1.0"
    },
    "marge": {
      "options": null,
      "version": "4.1.0"
    }
  }
}