{
  "stats": {
    "suites": 3,
    "tests": 14,
    "passes": 13,
    "pending": 0,
    "failures": 1,
    "start": "2020-01-19T06:18:07.604Z",
    "end": "2020-01-19T06:19:06.150Z",
    "duration": 58546,
    "testsRegistered": 14,
    "passPercent": 92.85714285714286,
    "pendingPercent": 0,
    "other": 0,
    "hasOther": false,
    "skipped": 0,
    "hasSkipped": false
  },
  "results": [
    {
      "uuid": "2bb41dc0-00d4-4129-a848-ff96e6f33059",
      "title": "",
      "fullFile": "",
      "file": "",
      "beforeHooks": [],
      "afterHooks": [],
      "tests": [],
      "suites": [
        {
          "uuid": "79cfd52b-a218-467f-aea2-2e6b336781e3",
          "title": "Home Page Tests",
          "fullFile": "/Users/amartans/Documents/POC/puppeteer/HelloBetter/tests/homePage.test.js",
          "file": "/tests/homePage.test.js",
          "beforeHooks": [
            {
              "title": "\"before all\" hook",
              "fullTitle": "Home Page Tests \"before all\" hook",
              "timedOut": false,
              "duration": 363,
              "state": null,
              "speed": null,
              "pass": false,
              "fail": false,
              "pending": false,
              "context": null,
              "code": "browser = await puppeteer.launch({\n    headless:config.isHeadless,\n    slowMo:config.slowMo,\n    devtools:config.isDevtools,\n    timeout:config.launchTimeout\n})\npage = await browser.newPage()\nawait page.setDefaultTimeout(config.waitingTimeout)\nawait page.setViewport({\n    width:config.viewRepotWidth,\n    height:config.viewRepotHeight\n})",
              "err": {},
              "uuid": "ee4cfcbc-7f78-409b-8b33-5bbe024d6c0d",
              "parentUUID": "79cfd52b-a218-467f-aea2-2e6b336781e3",
              "isHook": true,
              "skipped": false
            },
            {
              "title": "\"before each\" hook",
              "fullTitle": "Home Page Tests \"before each\" hook",
              "timedOut": false,
              "duration": 3244,
              "state": null,
              "speed": null,
              "pass": false,
              "fail": false,
              "pending": false,
              "context": null,
              "code": "await helper.loadUrl(page,config.baseUrl)",
              "err": {},
              "uuid": "2a05a27e-f844-4fdb-a1b3-4b0d352fe6a6",
              "parentUUID": "79cfd52b-a218-467f-aea2-2e6b336781e3",
              "isHook": true,
              "skipped": false
            }
          ],
          "afterHooks": [
            {
              "title": "\"after all\" hook",
              "fullTitle": "Home Page Tests \"after all\" hook",
              "timedOut": false,
              "duration": 50,
              "state": null,
              "speed": null,
              "pass": false,
              "fail": false,
              "pending": false,
              "context": null,
              "code": "await browser.close()",
              "err": {},
              "uuid": "b266bef2-efd3-4d16-8a78-7a31ca018d84",
              "parentUUID": "79cfd52b-a218-467f-aea2-2e6b336781e3",
              "isHook": true,
              "skipped": false
            }
          ],
          "tests": [
            {
              "title": "Verify logout",
              "fullTitle": "Home Page Tests Verify logout",
              "timedOut": false,
              "duration": 1900,
              "state": "passed",
              "speed": "slow",
              "pass": true,
              "fail": false,
              "pending": false,
              "context": null,
              "code": "await homePage.verifyLogout(page,'getonpatient@mailinator.com','1234Hh!!')",
              "err": {},
              "uuid": "b5dbc528-0c9c-48e0-8c83-28798fc9a582",
              "parentUUID": "79cfd52b-a218-467f-aea2-2e6b336781e3",
              "isHook": false,
              "skipped": false
            }
          ],
          "suites": [],
          "passes": [
            "b5dbc528-0c9c-48e0-8c83-28798fc9a582"
          ],
          "failures": [],
          "pending": [],
          "skipped": [],
          "duration": 1900,
          "root": false,
          "rootEmpty": false,
          "_timeout": 30000
        },
        {
          "uuid": "cd58d791-d19c-4d05-bc1b-fc5bf7e1ee3a",
          "title": "Login Page Tests",
          "fullFile": "/Users/amartans/Documents/POC/puppeteer/HelloBetter/tests/loginPage.test.js",
          "file": "/tests/loginPage.test.js",
          "beforeHooks": [
            {
              "title": "\"before all\" hook",
              "fullTitle": "Login Page Tests \"before all\" hook",
              "timedOut": false,
              "duration": 267,
              "state": null,
              "speed": null,
              "pass": false,
              "fail": false,
              "pending": false,
              "context": null,
              "code": "browser = await puppeteer.launch({\n    headless:config.isHeadless,\n    slowMo:config.slowMo,\n    devtools:config.isDevtools,\n    timeout:config.launchTimeout\n})\npage = await browser.newPage()\nawait page.setDefaultTimeout(config.waitingTimeout)\nawait page.setViewport({\n    width:config.viewRepotWidth,\n    height:config.viewRepotHeight\n})",
              "err": {},
              "uuid": "07027f01-86e6-49ca-962b-5db5fa774c1a",
              "parentUUID": "cd58d791-d19c-4d05-bc1b-fc5bf7e1ee3a",
              "isHook": true,
              "skipped": false
            },
            {
              "title": "\"before each\" hook",
              "fullTitle": "Login Page Tests \"before each\" hook",
              "timedOut": false,
              "duration": 2408,
              "state": null,
              "speed": null,
              "pass": false,
              "fail": false,
              "pending": false,
              "context": null,
              "code": "await helper.loadUrl(page,config.baseUrl)",
              "err": {},
              "uuid": "735c1de2-2791-45a6-a96a-2dc087f6be8c",
              "parentUUID": "cd58d791-d19c-4d05-bc1b-fc5bf7e1ee3a",
              "isHook": true,
              "skipped": false
            }
          ],
          "afterHooks": [
            {
              "title": "\"after all\" hook",
              "fullTitle": "Login Page Tests \"after all\" hook",
              "timedOut": false,
              "duration": 44,
              "state": null,
              "speed": null,
              "pass": false,
              "fail": false,
              "pending": false,
              "context": null,
              "code": "await browser.close()",
              "err": {},
              "uuid": "ed8147da-6e42-4011-bc2a-112d3f159a6b",
              "parentUUID": "cd58d791-d19c-4d05-bc1b-fc5bf7e1ee3a",
              "isHook": true,
              "skipped": false
            }
          ],
          "tests": [
            {
              "title": "Verify login page elements in English",
              "fullTitle": "Login Page Tests Verify login page elements in English",
              "timedOut": false,
              "duration": 36,
              "state": "passed",
              "speed": "fast",
              "pass": true,
              "fail": false,
              "pending": false,
              "context": null,
              "code": "await loginPage.verifyAllElementsInEnglish(page)",
              "err": {},
              "uuid": "1300465b-5baf-48be-b2e8-ff4d9dcdb3ba",
              "parentUUID": "cd58d791-d19c-4d05-bc1b-fc5bf7e1ee3a",
              "isHook": false,
              "skipped": false
            },
            {
              "title": "Verify login page elements in German",
              "fullTitle": "Login Page Tests Verify login page elements in German",
              "timedOut": false,
              "duration": 120,
              "state": "passed",
              "speed": "slow",
              "pass": true,
              "fail": false,
              "pending": false,
              "context": null,
              "code": "await loginPage.verifyAllElementsInGerman(page)",
              "err": {},
              "uuid": "644df54d-f5fa-4eb5-a73c-bea44f296263",
              "parentUUID": "cd58d791-d19c-4d05-bc1b-fc5bf7e1ee3a",
              "isHook": false,
              "skipped": false
            },
            {
              "title": "Invalid format emaidId check1",
              "fullTitle": "Login Page Tests Invalid format emaidId check1",
              "timedOut": false,
              "duration": 161,
              "state": "passed",
              "speed": "slow",
              "pass": true,
              "fail": false,
              "pending": false,
              "context": null,
              "code": "await loginPage.invalidFormatEmailIdLogin(page,'sdfsds')",
              "err": {},
              "uuid": "54a2c61a-df0b-4d18-81b3-6d67533d67ea",
              "parentUUID": "cd58d791-d19c-4d05-bc1b-fc5bf7e1ee3a",
              "isHook": false,
              "skipped": false
            },
            {
              "title": "Invalid format emaidId check2",
              "fullTitle": "Login Page Tests Invalid format emaidId check2",
              "timedOut": false,
              "duration": 181,
              "state": "passed",
              "speed": "slow",
              "pass": true,
              "fail": false,
              "pending": false,
              "context": null,
              "code": "await loginPage.invalidFormatEmailIdLogin(page,'sdfsds@')",
              "err": {},
              "uuid": "13789a1d-312b-45c3-9bc7-71bd179c3dd8",
              "parentUUID": "cd58d791-d19c-4d05-bc1b-fc5bf7e1ee3a",
              "isHook": false,
              "skipped": false
            },
            {
              "title": "Invalid format emaidId check3",
              "fullTitle": "Login Page Tests Invalid format emaidId check3",
              "timedOut": false,
              "duration": 189,
              "state": "passed",
              "speed": "slow",
              "pass": true,
              "fail": false,
              "pending": false,
              "context": null,
              "code": "await loginPage.invalidFormatEmailIdLogin(page,'sdfsds@sdfs')",
              "err": {},
              "uuid": "9247c783-7208-400d-9c0b-c4f20016377d",
              "parentUUID": "cd58d791-d19c-4d05-bc1b-fc5bf7e1ee3a",
              "isHook": false,
              "skipped": false
            },
            {
              "title": "Invalid emailId and valid password check",
              "fullTitle": "Login Page Tests Invalid emailId and valid password check",
              "timedOut": false,
              "duration": 1238,
              "state": "passed",
              "speed": "slow",
              "pass": true,
              "fail": false,
              "pending": false,
              "context": null,
              "code": "await loginPage.invalidAuthenticationCheck(page,'sdfsds@sdf.com','1234Hh!!')",
              "err": {},
              "uuid": "e9cd8948-8bdf-476b-80c1-7781cb294b4c",
              "parentUUID": "cd58d791-d19c-4d05-bc1b-fc5bf7e1ee3a",
              "isHook": false,
              "skipped": false
            },
            {
              "title": "Valid emailId and invalid password check",
              "fullTitle": "Login Page Tests Valid emailId and invalid password check",
              "timedOut": false,
              "duration": 609,
              "state": "passed",
              "speed": "slow",
              "pass": true,
              "fail": false,
              "pending": false,
              "context": null,
              "code": "await loginPage.invalidAuthenticationCheck(page,'getonpatient@mailinator.com','12345Hh!!')",
              "err": {},
              "uuid": "087b63ff-1e95-4cdf-896f-b92f855afcd2",
              "parentUUID": "cd58d791-d19c-4d05-bc1b-fc5bf7e1ee3a",
              "isHook": false,
              "skipped": false
            },
            {
              "title": "Reset password with invalidFormat emailId1",
              "fullTitle": "Login Page Tests Reset password with invalidFormat emailId1",
              "timedOut": false,
              "duration": 133,
              "state": "passed",
              "speed": "slow",
              "pass": true,
              "fail": false,
              "pending": false,
              "context": null,
              "code": "await loginPage.invalidFormatEmailIdResetPassword(page,\"sdsfsf\")",
              "err": {},
              "uuid": "b33712dd-7b25-4269-b22f-2c61f68ee08c",
              "parentUUID": "cd58d791-d19c-4d05-bc1b-fc5bf7e1ee3a",
              "isHook": false,
              "skipped": false
            },
            {
              "title": "Reset password with invalidFormat emailId2",
              "fullTitle": "Login Page Tests Reset password with invalidFormat emailId2",
              "timedOut": false,
              "duration": 21251,
              "state": "failed",
              "speed": null,
              "pass": false,
              "fail": true,
              "pending": false,
              "context": null,
              "code": "await page.reload({ waitUntil: [\"networkidle0\", \"domcontentloaded\"] });\nawait loginPage.invalidFormatEmailIdResetPassword(page,\"sdsfsf@\")",
              "err": {
                "message": "Error: Selector: //p[text()='Please enter a valid email address'] not exist  OrginalError: TimeoutError: waiting for XPath \"//p[text()='Please enter a valid email address']\" failed: timeout 20000ms exceeded",
                "estack": "Error: Selector: //p[text()='Please enter a valid email address'] not exist  OrginalError: TimeoutError: waiting for XPath \"//p[text()='Please enter a valid email address']\" failed: timeout 20000ms exceeded\n    at Object.shouldExist (lib/helper.js:109:23)",
                "diff": null
              },
              "uuid": "53378991-9e39-40ed-9f63-400bc4e31bd2",
              "parentUUID": "cd58d791-d19c-4d05-bc1b-fc5bf7e1ee3a",
              "isHook": false,
              "skipped": false
            },
            {
              "title": "Reset password with invalidFormat emailId2",
              "fullTitle": "Login Page Tests Reset password with invalidFormat emailId2",
              "timedOut": false,
              "duration": 1370,
              "state": "passed",
              "speed": "slow",
              "pass": true,
              "fail": false,
              "pending": false,
              "context": null,
              "code": "await page.reload({ waitUntil: [\"networkidle0\", \"domcontentloaded\"] });\nawait loginPage.invalidFormatEmailIdResetPassword(page,\"sdsfsf@dsdfsd\")",
              "err": {},
              "uuid": "6e119294-b82f-4c41-a27a-d47295480bcd",
              "parentUUID": "cd58d791-d19c-4d05-bc1b-fc5bf7e1ee3a",
              "isHook": false,
              "skipped": false
            }
          ],
          "suites": [],
          "passes": [
            "1300465b-5baf-48be-b2e8-ff4d9dcdb3ba",
            "644df54d-f5fa-4eb5-a73c-bea44f296263",
            "54a2c61a-df0b-4d18-81b3-6d67533d67ea",
            "13789a1d-312b-45c3-9bc7-71bd179c3dd8",
            "9247c783-7208-400d-9c0b-c4f20016377d",
            "e9cd8948-8bdf-476b-80c1-7781cb294b4c",
            "087b63ff-1e95-4cdf-896f-b92f855afcd2",
            "b33712dd-7b25-4269-b22f-2c61f68ee08c",
            "6e119294-b82f-4c41-a27a-d47295480bcd"
          ],
          "failures": [
            "53378991-9e39-40ed-9f63-400bc4e31bd2"
          ],
          "pending": [],
          "skipped": [],
          "duration": 25288,
          "root": false,
          "rootEmpty": false,
          "_timeout": 30000
        },
        {
          "uuid": "c9631f01-eb36-422e-929b-a9bc80e3f35d",
          "title": "Profile Page Tests",
          "fullFile": "/Users/amartans/Documents/POC/puppeteer/HelloBetter/tests/profilePage.tests.js",
          "file": "/tests/profilePage.tests.js",
          "beforeHooks": [
            {
              "title": "\"before all\" hook",
              "fullTitle": "Profile Page Tests \"before all\" hook",
              "timedOut": false,
              "duration": 7605,
              "state": null,
              "speed": null,
              "pass": false,
              "fail": false,
              "pending": false,
              "context": null,
              "code": "browser = await puppeteer.launch({\n    headless:config.isHeadless,\n    slowMo:config.slowMo,\n    devtools:config.isDevtools,\n    timeout:config.launchTimeout\n})\npage = await browser.newPage()\nawait page.setDefaultTimeout(config.waitingTimeout)\nawait page.setViewport({\n    width:config.viewRepotWidth,\n    height:config.viewRepotHeight\n})\nawait helper.loadUrl(page,config.baseUrl)\nawait loginPage.loginToApp(page,'getonpatient@mailinator.com','1234Hh!!')",
              "err": {},
              "uuid": "ebb02ab1-55ae-4ccd-bf36-614d8ab0b408",
              "parentUUID": "c9631f01-eb36-422e-929b-a9bc80e3f35d",
              "isHook": true,
              "skipped": false
            }
          ],
          "afterHooks": [
            {
              "title": "\"after all\" hook",
              "fullTitle": "Profile Page Tests \"after all\" hook",
              "timedOut": false,
              "duration": 34,
              "state": null,
              "speed": null,
              "pass": false,
              "fail": false,
              "pending": false,
              "context": null,
              "code": "await browser.close()",
              "err": {},
              "uuid": "b142874f-897d-40ce-8bcf-bc19e3e2ebc0",
              "parentUUID": "c9631f01-eb36-422e-929b-a9bc80e3f35d",
              "isHook": true,
              "skipped": false
            }
          ],
          "tests": [
            {
              "title": "Update first name test",
              "fullTitle": "Profile Page Tests Update first name test",
              "timedOut": false,
              "duration": 1196,
              "state": "passed",
              "speed": "slow",
              "pass": true,
              "fail": false,
              "pending": false,
              "context": null,
              "code": "const expectedName=await utils.generateName(6)\nconst actualName = await profilePage.updateFirstName(page,expectedName)\nawait expect(actualName).to.equal(expectedName)",
              "err": {},
              "uuid": "bd634285-9ce2-4396-bcf5-374180ca76a4",
              "parentUUID": "c9631f01-eb36-422e-929b-a9bc80e3f35d",
              "isHook": false,
              "skipped": false
            },
            {
              "title": "Update last name test",
              "fullTitle": "Profile Page Tests Update last name test",
              "timedOut": false,
              "duration": 1076,
              "state": "passed",
              "speed": "slow",
              "pass": true,
              "fail": false,
              "pending": false,
              "context": null,
              "code": "const expectedName=await utils.generateName(6)\nconst actualName = await profilePage.updateLastName(page,expectedName)\nawait expect(actualName).to.equal(expectedName)",
              "err": {},
              "uuid": "c9ca1264-ff39-416a-9875-57133d5f1528",
              "parentUUID": "c9631f01-eb36-422e-929b-a9bc80e3f35d",
              "isHook": false,
              "skipped": false
            },
            {
              "title": "Update insurance number test",
              "fullTitle": "Profile Page Tests Update insurance number test",
              "timedOut": false,
              "duration": 665,
              "state": "passed",
              "speed": "slow",
              "pass": true,
              "fail": false,
              "pending": false,
              "context": null,
              "code": "const expectedNumber=await utils.generateNumbers()\nconst actualNumber = await profilePage.updateInsuranceNumber(page,expectedNumber)\nawait expect(actualNumber).to.equal(expectedNumber)",
              "err": {},
              "uuid": "fe376c99-0b5b-4e83-9565-a0ee3fd34bb1",
              "parentUUID": "c9631f01-eb36-422e-929b-a9bc80e3f35d",
              "isHook": false,
              "skipped": false
            }
          ],
          "suites": [],
          "passes": [
            "bd634285-9ce2-4396-bcf5-374180ca76a4",
            "c9ca1264-ff39-416a-9875-57133d5f1528",
            "fe376c99-0b5b-4e83-9565-a0ee3fd34bb1"
          ],
          "failures": [],
          "pending": [],
          "skipped": [],
          "duration": 2937,
          "root": false,
          "rootEmpty": false,
          "_timeout": 30000
        }
      ],
      "passes": [],
      "failures": [],
      "pending": [],
      "skipped": [],
      "duration": 0,
      "root": true,
      "rootEmpty": true,
      "_timeout": 30000
    }
  ],
  "meta": {
    "mocha": {
      "version": "7.0.0"
    },
    "mochawesome": {
      "options": {
        "quiet": false,
        "reportFilename": "mochawesome",
        "saveHtml": true,
        "saveJson": true,
        "consoleReporter": "spec",
        "useInlineDiffs": false
      },
      "version": "4.1.0"
    },
    "marge": {
      "options": null,
      "version": "4.1.0"
    }
  }
}